app/build/outputs/mapping/release/seeds.txt
com.muslimcommunity.app.dynamic.DynamicDependency
com.muslimcommunity.app.dynamic.DynamicFeaturePlugin
com.muslimcommunity.app.MainActivity
com.muslimcommunity.app.dynamic.DynamicDependencyManager$downloadAndLoad$2
com.muslimcommunity.app.dynamic.DynamicDependencyManager
com.muslimcommunity.app.dynamic.DynamicDexLoader
com.muslimcommunity.app.NativeCore
com.muslimcommunity.app.dynamic.DynamicDependencyManager$downloadAndLoad$2: com.muslimcommunity.app.dynamic.DynamicDependency $dep
com.muslimcommunity.app.dynamic.DynamicDependencyManager$downloadAndLoad$2: android.content.Context $context
com.muslimcommunity.app.dynamic.DynamicDependency: int $stable
com.muslimcommunity.app.dynamic.DynamicDexLoader: com.muslimcommunity.app.dynamic.DynamicDexLoader INSTANCE
com.muslimcommunity.app.dynamic.DynamicDependency: java.lang.String fileName
com.muslimcommunity.app.NativeCore: int $stable
com.muslimcommunity.app.dynamic.DynamicDependency: boolean isNative
com.muslimcommunity.app.dynamic.DynamicDependencyManager$downloadAndLoad$2: int label
com.muslimcommunity.app.dynamic.DynamicDependencyManager: com.muslimcommunity.app.dynamic.DynamicDependencyManager INSTANCE
com.muslimcommunity.app.dynamic.DynamicDependency: java.lang.String remoteUrl
com.muslimcommunity.app.dynamic.DynamicDependencyManager: int $stable
com.muslimcommunity.app.dynamic.DynamicDependencyManager: java.util.List registry
com.muslimcommunity.app.dynamic.DynamicDependency: java.lang.String id
com.muslimcommunity.app.dynamic.DynamicDependency: java.lang.String name
com.muslimcommunity.app.NativeCore: com.muslimcommunity.app.NativeCore INSTANCE
com.muslimcommunity.app.dynamic.DynamicDependency: boolean isInstalled
com.muslimcommunity.app.dynamic.DynamicDexLoader: int $stable
com.muslimcommunity.app.dynamic.DynamicDependency: boolean component5()
com.muslimcommunity.app.dynamic.DynamicDependencyManager: java.lang.Object downloadAndLoad(android.content.Context,com.muslimcommunity.app.dynamic.DynamicDependency,kotlin.coroutines.Continuation)
com.muslimcommunity.app.dynamic.DynamicDependencyManager: void init(android.content.Context)
com.muslimcommunity.app.dynamic.DynamicDependency: int hashCode()
com.muslimcommunity.app.dynamic.DynamicDependency: boolean equals(java.lang.Object)
com.muslimcommunity.app.dynamic.DynamicDependencyManager$downloadAndLoad$2: DynamicDependencyManager$downloadAndLoad$2(android.content.Context,com.muslimcommunity.app.dynamic.DynamicDependency,kotlin.coroutines.Continuation)
com.muslimcommunity.app.dynamic.DynamicDexLoader: com.muslimcommunity.app.dynamic.DynamicFeaturePlugin loadPlugin(android.content.Context,java.io.File,java.lang.String)
com.muslimcommunity.app.dynamic.DynamicDependency: java.lang.String component4()
com.muslimcommunity.app.dynamic.DynamicDependency: java.lang.String toString()
com.muslimcommunity.app.dynamic.DynamicDependency: DynamicDependency(java.lang.String,java.lang.String,java.lang.String,java.lang.String,boolean,boolean)
com.muslimcommunity.app.dynamic.DynamicDependency: boolean isInstalled()
com.muslimcommunity.app.dynamic.DynamicDependency: java.lang.String component2()
com.muslimcommunity.app.dynamic.DynamicDependency: java.lang.String getId()
com.muslimcommunity.app.dynamic.DynamicDependency: java.lang.String getRemoteUrl()
com.muslimcommunity.app.dynamic.DynamicDependency: java.lang.String component3()
com.muslimcommunity.app.dynamic.DynamicDependency: boolean isNative()
com.muslimcommunity.app.dynamic.DynamicFeaturePlugin: java.util.Map executeFeature(android.content.Context,java.lang.String,java.util.Map)
com.muslimcommunity.app.dynamic.DynamicDependencyManager$downloadAndLoad$2: java.lang.Object invokeSuspend(java.lang.Object)
com.muslimcommunity.app.dynamic.DynamicDependencyManager: DynamicDependencyManager()
com.muslimcommunity.app.dynamic.DynamicDependency: java.lang.String component1()
com.muslimcommunity.app.NativeCore: boolean loadDynamicNativeLib(java.lang.String)
...
androidx.core.view.WindowInsetsCompat$BuilderImpl20: void setSystemWindowInsets(androidx.core.graphics.Insets)
androidx.core.view.WindowInsetsCompat$Impl: void setOverriddenInsets(androidx.core.graphics.Insets[])
androidx.lifecycle.ProcessLifecycleOwner$attach$1: void onActivityCreated(android.app.Activity,android.os.Bundle)
androidx.activity.Api34Impl: float touchY(android.window.BackEvent)
androidx.core.view.WindowInsetsCompat$Impl28: boolean equals(java.lang.Object)
androidx.compose.ui.platform.ViewLayerContainer: void dispatchGetDisplayList()
androidx.core.view.WindowInsetsCompat$Impl20: void copyWindowDataInto(androidx.core.view.WindowInsetsCompat)
androidx.lifecycle.ProcessLifecycleOwner$Api29Impl: void registerActivityLifecycleCallbacks(android.app.Activity,android.app.Application$ActivityLifecycleCallbacks)
kotlin.LazyThreadSafetyMode: kotlin.LazyThreadSafetyMode[] values()
androidx.compose.ui.platform.AndroidComposeView: androidx.compose.ui.input.InputModeManager getInputModeManager()
androidx.core.app.RemoteActionCompatParcelizer: RemoteActionCompatParcelizer()
androidx.core.view.WindowInsetsCompat$BuilderImpl29: void setSystemWindowInsets(androidx.core.graphics.Insets)
androidx.compose.ui.platform.AndroidComposeView: androidx.compose.ui.platform.AndroidViewsHandler getAndroidViewsHandler$ui_release()
androidx.core.view.WindowInsetsCompat$BuilderImpl: androidx.core.view.WindowInsetsCompat build()
androidx.compose.ui.text.style.ResolvedTextDirection: androidx.compose.ui.text.style.ResolvedTextDirection[] values()
androidx.compose.ui.graphics.AndroidGraphicsContext$UniqueDrawingIdApi29: long getUniqueDrawingId(android.view.View)
androidx.compose.ui.platform.AndroidComposeView: void setFontFamilyResolver(androidx.compose.ui.text.font.FontFamily$Resolver)
androidx.compose.ui.graphics.BlendModeColorFilterHelper: android.graphics.BlendModeColorFilter BlendModeColorFilter-xETnrds(long,int)
androidx.compose.ui.platform.coreshims.ViewStructureCompat$Api23Impl: void setContentDescription(android.view.ViewStructure,java.lang.CharSequence)
androidx.lifecycle.ReportFragment: ReportFragment()
androidx.compose.ui.platform.AndroidComposeView: androidx.compose.ui.autofill.AutofillTree getAutofillTree()
androidx.profileinstaller.ProfileInstallerInitializer: ProfileInstallerInitializer()
androidx.compose.ui.platform.coreshims.ViewStructureCompat$Api23Impl: void setText(android.view.ViewStructure,java.lang.CharSequence)
androidx.core.view.WindowInsetsCompat$Impl20: androidx.core.graphics.Insets getRootStableInsets()
kotlin.coroutines.jvm.internal.ContinuationImpl: kotlin.coroutines.CoroutineContext getContext()
androidx.compose.ui.graphics.layer.RenderNodeVerificationHelper: void setRenderEffect(android.graphics.RenderNode,androidx.compose.ui.graphics.RenderEffect)
androidx.compose.ui.platform.ComposeView: void getShouldCreateCompositionOnAttachedToWindow$annotations()
androidx.compose.ui.platform.coreshims.ContentCaptureSessionCompat$Api29Impl: void notifyViewAppeared(android.view.contentcapture.ContentCaptureSession,android.view.ViewStructure)
androidx.compose.ui.platform.RenderNodeVerificationHelper28: void setSpotShadowColor(android.view.RenderNode,int)
kotlinx.coroutines.flow.SharingCommand: kotlinx.coroutines.flow.SharingCommand[] values()
androidx.core.view.WindowInsetsCompat$BuilderImpl20: android.view.WindowInsets createWindowInsetsInstance()
androidx.emoji2.text.EmojiExclusions$EmojiExclusions_Api34: java.util.Set getExclusions()
androidx.compose.ui.node.LayoutNode$LayoutState: androidx.compose.ui.node.LayoutNode$LayoutState valueOf(java.lang.String)
androidx.lifecycle.ReportFragment$LifecycleCallbacks: void onActivityPreDestroyed(android.app.Activity)
androidx.core.view.WindowInsetsCompat$Impl: int hashCode()
androidx.compose.ui.graphics.layer.ViewLayer: void setInvalidated(boolean)