app/build/outputs/mapping/release/mapping.txt
# compiler: R8
# compiler_version: 8.7.18
# min_api: 24
# common_typos_disable
# {"id":"com.android.tools.r8.mapping","version":"2.2"}
# pg_map_id: 527a2ca
# pg_map_hash: SHA-256 527a2ca6d41200f049de8e5d390594634de3c2a2fef8e1f3a11b6648b176c067
com.muslimcommunity.app.ComposableSingletons$MainActivityKt -> f1.c:
# {"id":"sourceFile","fileName":"MainActivity.kt"}
    kotlin.jvm.functions.Function2 lambda-1 -> a
      # {"id":"com.android.tools.r8.residualsignature","signature":"LL/b;"}
    kotlin.jvm.functions.Function3 lambda-2 -> b
      # {"id":"com.android.tools.r8.residualsignature","signature":"LL/b;"}
    kotlin.jvm.functions.Function3 lambda-3 -> c
      # {"id":"com.android.tools.r8.residualsignature","signature":"LL/b;"}
    kotlin.jvm.functions.Function3 lambda-4 -> d
      # {"id":"com.android.tools.r8.residualsignature","signature":"LL/b;"}
    1:2:void <clinit>():30:30 -> <clinit>
    3:11:androidx.compose.runtime.internal.ComposableLambda androidx.compose.runtime.internal.ComposableLambdaKt.composableLambdaInstance(int,boolean,java.lang.Object):620:620 -> <clinit>
    3:11:void <clinit>():30 -> <clinit>
    12:13:void <clinit>():30:30 -> <clinit>
    14:15:void <clinit>():82:82 -> <clinit>
    16:23:androidx.compose.runtime.internal.ComposableLambda androidx.compose.runtime.internal.ComposableLambdaKt.composableLambdaInstance(int,boolean,java.lang.Object):620:620 -> <clinit>
    16:23:void <clinit>():82 -> <clinit>
    24:25:void <clinit>():82:82 -> <clinit>
    26:27:void <clinit>():77:77 -> <clinit>
    28:35:androidx.compose.runtime.internal.ComposableLambda androidx.compose.runtime.internal.ComposableLambdaKt.composableLambdaInstance(int,boolean,java.lang.Object):620:620 -> <clinit>
com.muslimcommunity.app.ComposableSingletons$MainActivityKt$lambda-1$1 -> f1.a:
# {"id":"sourceFile","fileName":"MainActivity.kt"}
    com.muslimcommunity.app.ComposableSingletons$MainActivityKt$lambda-1$1 INSTANCE -> d
      # {"id":"com.android.tools.r8.residualsignature","signature":"Lf1/a;"}
    3:5:void <init>():0:0 -> <clinit>
    3:5:void <clinit>():0 -> <clinit>
    6:8:void <clinit>():0:0 -> <clinit>
    1:13:java.lang.Object invoke(java.lang.Object,java.lang.Object):30:30 -> invoke
    14:28:void invoke(androidx.compose.runtime.Composer,int):31:31 -> invoke
    14:28:java.lang.Object invoke(java.lang.Object,java.lang.Object):30 -> invoke
    29:31:java.lang.Object invoke(java.lang.Object,java.lang.Object):30:30 -> invoke
com.muslimcommunity.app.ComposableSingletons$MainActivityKt$lambda-2$1 -> f1.b:
# {"id":"sourceFile","fileName":"MainActivity.kt"}
    int f1.ComposableSingletons$MainActivityKt$lambda-2$1.$r8$classId -> d
      # {"id":"com.android.tools.r8.synthesized"}
    com.muslimcommunity.app.ComposableSingletons$MainActivityKt$lambda-2$1 INSTANCE -> e
      # {"id":"com.android.tools.r8.residualsignature","signature":"Lf1/b;"}
    com.muslimcommunity.app.ComposableSingletons$MainActivityKt$lambda-3$1 com.muslimcommunity.app.ComposableSingletons$MainActivityKt$lambda-3$1.INSTANCE -> f
      # {"id":"com.android.tools.r8.residualsignature","signature":"Lf1/b;"}
    com.muslimcommunity.app.ComposableSingletons$MainActivityKt$lambda-4$1 com.muslimcommunity.app.ComposableSingletons$MainActivityKt$lambda-4$1.INSTANCE -> g
      # {"id":"com.android.tools.r8.residualsignature","signature":"Lf1/b;"}
    4:6:void <init>():0:0 -> <clinit>
    4:6:void <clinit>():0 -> <clinit>
    4:6:void f1.ComposableSingletons$MainActivityKt$lambda-2$1.<clinit>():0 -> <clinit>
      # {"id":"com.android.tools.r8.synthesized"}
    7:8:void <clinit>():0:0 -> <clinit>
    7:8:void f1.ComposableSingletons$MainActivityKt$lambda-2$1.<clinit>():0 -> <clinit>
    9:11:void f1.ComposableSingletons$MainActivityKt$lambda-2$1.<clinit>():0:0 -> <clinit>
    12:14:void com.muslimcommunity.app.ComposableSingletons$MainActivityKt$lambda-3$1.<init>():0:0 -> <clinit>
...
androidx.savedstate.SavedStateRegistry$SavedStateProvider -> b1.d:
# {"id":"sourceFile","fileName":"SavedStateRegistry.kt"}
    android.os.Bundle saveState() -> a
androidx.savedstate.SavedStateRegistryController$Companion -> R8$$REMOVED$$CLASS$$261:
# {"id":"sourceFile","fileName":"SavedStateRegistryController.kt"}
androidx.savedstate.SavedStateRegistryOwner -> b1.f:
# {"id":"sourceFile","fileName":"SavedStateRegistryOwner.kt"}
androidx.savedstate.ViewTreeSavedStateRegistryOwner -> R8$$REMOVED$$CLASS$$262:
# {"id":"sourceFile","fileName":"ViewTreeSavedStateRegistryOwner.kt"}
androidx.savedstate.ViewTreeSavedStateRegistryOwner$findViewTreeSavedStateRegistryOwner$1 -> b1.g:
# {"id":"sourceFile","fileName":"ViewTreeSavedStateRegistryOwner.kt"}
    int b1.ViewTreeSavedStateRegistryOwner$findViewTreeSavedStateRegistryOwner$1.$r8$classId -> e
      # {"id":"com.android.tools.r8.synthesized"}
    androidx.savedstate.ViewTreeSavedStateRegistryOwner$findViewTreeSavedStateRegistryOwner$1 INSTANCE -> f
      # {"id":"com.android.tools.r8.residualsignature","signature":"Lb1/g;"}
    androidx.savedstate.ViewTreeSavedStateRegistryOwner$findViewTreeSavedStateRegistryOwner$2 androidx.savedstate.ViewTreeSavedStateRegistryOwner$findViewTreeSavedStateRegistryOwner$2.INSTANCE -> g
      # {"id":"com.android.tools.r8.residualsignature","signature":"Lb1/g;"}
    5:7:void <init>():0:0 -> <clinit>
    5:7:void <clinit>():0 -> <clinit>
    5:7:void b1.ViewTreeSavedStateRegistryOwner$findViewTreeSavedStateRegistryOwner$1.<clinit>():0 -> <clinit>
      # {"id":"com.android.tools.r8.synthesized"}
    8:9:void <clinit>():0:0 -> <clinit>
    8:9:void b1.ViewTreeSavedStateRegistryOwner$findViewTreeSavedStateRegistryOwner$1.<clinit>():0 -> <clinit>
    10:13:void b1.ViewTreeSavedStateRegistryOwner$findViewTreeSavedStateRegistryOwner$1.<clinit>():0:0 -> <clinit>
    14:16:void androidx.savedstate.ViewTreeSavedStateRegistryOwner$findViewTreeSavedStateRegistryOwner$2.<init>():0:0 -> <clinit>
androidx.startup.AppInitializer -> c1.a:
# {"id":"sourceFile","fileName":"AppInitializer.java"}
    java.util.Map mInitialized -> a
      # {"id":"com.android.tools.r8.residualsignature","signature":"Ljava/util/HashMap;"}
    java.util.Set mDiscovered -> b
      # {"id":"com.android.tools.r8.residualsignature","signature":"Ljava/util/HashSet;"}
    android.content.Context mContext -> c
    androidx.startup.AppInitializer sInstance -> d
      # {"id":"com.android.tools.r8.residualsignature","signature":"Lc1/a;"}
    java.lang.Object sLock -> e
    1:8:void <clinit>():57:57 -> <clinit>
    1:3:void <init>(android.content.Context):73:73 -> <init>
    4:9:void <init>(android.content.Context):74:74 -> <init>
    10:16:void <init>(android.content.Context):75:75 -> <init>
    17:24:void <init>(android.content.Context):76:76 -> <init>
    1:10:void discoverAndInitialize(android.os.Bundle):216:216 -> a
    11:15:void discoverAndInitialize(android.os.Bundle):219:219 -> a
    16:19:void discoverAndInitialize(android.os.Bundle):220:220 -> a
    20:38:void discoverAndInitialize(android.os.Bundle):221:221 -> a
    39:42:void discoverAndInitialize(android.os.Bundle):222:222 -> a
    43:48:void discoverAndInitialize(android.os.Bundle):223:223 -> a
    49:52:void discoverAndInitialize(android.os.Bundle):224:224 -> a
    53:60:void discoverAndInitialize(android.os.Bundle):225:225 -> a
    61:66:void discoverAndInitialize(android.os.Bundle):228:228 -> a