app/build/outputs/mapping/release/usage.txt
com.muslimcommunity.app.BuildConfig
com.muslimcommunity.app.MainActivity:
    public static final int $stable
com.muslimcommunity.app.MainActivityKt$DynamicLibsTab$lambda$14$lambda$13$$inlined$items$default$2
com.muslimcommunity.app.MainActivityKt$PrayerTab$lambda$22$lambda$21$$inlined$items$default$2
com.muslimcommunity.app.MainActivityKt$QuranTab$lambda$18$lambda$17$$inlined$items$default$2
com.muslimcommunity.app.R$string
com.muslimcommunity.app.R$style
com.muslimcommunity.app.R
com.muslimcommunity.app.ComposableSingletons$MainActivityKt$lambda-1$1:
    public final void invoke$11()
com.muslimcommunity.app.ComposableSingletons$MainActivityKt$lambda-2$1:
    public final void invoke$59()
com.muslimcommunity.app.ComposableSingletons$MainActivityKt$lambda-3$1:
    public final void invoke$60()
com.muslimcommunity.app.ComposableSingletons$MainActivityKt$lambda-4$1:
    public final void invoke$60()
com.muslimcommunity.app.ComposableSingletons$MainActivityKt:
    public static final com.muslimcommunity.app.ComposableSingletons$MainActivityKt INSTANCE
    public static kotlin.jvm.functions.Function2 getLambda-1$app_release()
    public static kotlin.jvm.functions.Function3 getLambda-2$app_release()
    public static kotlin.jvm.functions.Function3 getLambda-3$app_release()
    public static kotlin.jvm.functions.Function3 getLambda-4$app_release()
com.muslimcommunity.app.MainActivity:
    static void <clinit>()
com.muslimcommunity.app.MainActivityKt$DynamicLibsTab$1$1$1$1$1$2$1$1:
    public final java.lang.Object invoke(kotlinx.coroutines.CoroutineScope,kotlin.coroutines.Continuation)
com.muslimcommunity.app.MainActivityKt$DynamicLibsTab$1$1$1$1$1$2$1:
    public final void invoke()
com.muslimcommunity.app.MainActivityKt$DynamicLibsTab$1$1$1$1$1$3:
    public final void invoke$61()
com.muslimcommunity.app.MainActivityKt$DynamicLibsTab$1$1$1$1:
    public final void invoke$59()
com.muslimcommunity.app.MainActivityKt$DynamicLibsTab$lambda$14$lambda$13$$inlined$items$default$1
com.muslimcommunity.app.MainActivityKt$DynamicLibsTab$lambda$14$lambda$13$$inlined$items$default$3:
    public final synthetic com.muslimcommunity.app.MainActivityKt$DynamicLibsTab$lambda$14$lambda$13$$inlined$items$default$1 $contentType
    public final java.lang.Object invoke$10()
com.muslimcommunity.app.MainActivityKt$DynamicLibsTab$lambda$14$lambda$13$$inlined$items$default$4:
    public final void invoke$13()
com.muslimcommunity.app.MainActivityKt$HomeTab$1$1$1$1:
    public final void invoke$59()
com.muslimcommunity.app.MainActivityKt$HomeTab$1$1$1:
    public final void invoke$60()
com.muslimcommunity.app.MainActivityKt$MuslimCommunityApp$1$1$1$1$2:
    public final void invoke$11()
com.muslimcommunity.app.MainActivityKt$MuslimCommunityApp$1$1$1$1$3:
    public final void invoke$11()
com.muslimcommunity.app.MainActivityKt$MuslimCommunityApp$1$1$1:
    public final void invoke$61()
com.muslimcommunity.app.MainActivityKt$MuslimCommunityApp$1$1:
    public final void invoke$11()
com.muslimcommunity.app.MainActivityKt$MuslimCommunityApp$1$2:
    public static void invoke$62()
com.muslimcommunity.app.MainActivityKt$MuslimCommunityApp$1:
    public final void invoke$11()
com.muslimcommunity.app.MainActivityKt$PrayerTab$1$1$1$1:
    public final void invoke$59()
com.muslimcommunity.app.MainActivityKt$PrayerTab$lambda$22$lambda$21$$inlined$items$default$1
com.muslimcommunity.app.MainActivityKt$PrayerTab$lambda$22$lambda$21$$inlined$items$default$3:
    public final synthetic com.muslimcommunity.app.MainActivityKt$PrayerTab$lambda$22$lambda$21$$inlined$items$default$1 $contentType
    public final java.lang.Object invoke$10()
com.muslimcommunity.app.MainActivityKt$PrayerTab$lambda$22$lambda$21$$inlined$items$default$4:
    public final void invoke$13()
com.muslimcommunity.app.MainActivityKt$QuranTab$1$1$1$1:
    public final void invoke$59()
com.muslimcommunity.app.MainActivityKt$QuranTab$lambda$18$lambda$17$$inlined$items$default$1
...
androidx.compose.ui.graphics.vector.PathParserKt$$InternalSyntheticThrowCCEIfNotNull$19$b9cfdccfbbb437d04d5b8fe7a56180b765c04f4b52e1df79cab6eb1c626609e8$32
androidx.compose.ui.graphics.vector.PathParserKt$$InternalSyntheticThrowCCEIfNotNull$19$b9cfdccfbbb437d04d5b8fe7a56180b765c04f4b52e1df79cab6eb1c626609e8$33
androidx.compose.ui.graphics.vector.PathParserKt$$InternalSyntheticThrowCCEIfNotNull$19$b9cfdccfbbb437d04d5b8fe7a56180b765c04f4b52e1df79cab6eb1c626609e8$34
androidx.compose.ui.graphics.vector.PathParserKt$$InternalSyntheticThrowCCEIfNotNull$19$b9cfdccfbbb437d04d5b8fe7a56180b765c04f4b52e1df79cab6eb1c626609e8$35
androidx.compose.ui.graphics.vector.PathParserKt$$InternalSyntheticThrowCCEIfNotNull$19$b9cfdccfbbb437d04d5b8fe7a56180b765c04f4b52e1df79cab6eb1c626609e8$36
androidx.compose.ui.graphics.vector.PathParserKt$$InternalSyntheticThrowCCEIfNotNull$19$b9cfdccfbbb437d04d5b8fe7a56180b765c04f4b52e1df79cab6eb1c626609e8$37
androidx.compose.ui.graphics.vector.PathParserKt$$InternalSyntheticThrowCCEIfNotNull$19$b9cfdccfbbb437d04d5b8fe7a56180b765c04f4b52e1df79cab6eb1c626609e8$38
androidx.compose.ui.graphics.vector.PathParserKt$$InternalSyntheticThrowCCEIfNotNull$19$b9cfdccfbbb437d04d5b8fe7a56180b765c04f4b52e1df79cab6eb1c626609e8$39
androidx.compose.ui.graphics.vector.PathParserKt$$InternalSyntheticThrowCCEIfNotNull$19$b9cfdccfbbb437d04d5b8fe7a56180b765c04f4b52e1df79cab6eb1c626609e8$3
androidx.compose.ui.graphics.vector.PathParserKt$$InternalSyntheticThrowCCEIfNotNull$19$b9cfdccfbbb437d04d5b8fe7a56180b765c04f4b52e1df79cab6eb1c626609e8$40
androidx.compose.ui.graphics.vector.PathParserKt$$InternalSyntheticThrowCCEIfNotNull$19$b9cfdccfbbb437d04d5b8fe7a56180b765c04f4b52e1df79cab6eb1c626609e8$41
androidx.compose.ui.graphics.vector.PathParserKt$$InternalSyntheticThrowCCEIfNotNull$19$b9cfdccfbbb437d04d5b8fe7a56180b765c04f4b52e1df79cab6eb1c626609e8$42
androidx.compose.ui.graphics.vector.PathParserKt$$InternalSyntheticThrowCCEIfNotNull$19$b9cfdccfbbb437d04d5b8fe7a56180b765c04f4b52e1df79cab6eb1c626609e8$43
androidx.compose.ui.graphics.vector.PathParserKt$$InternalSyntheticThrowCCEIfNotNull$19$b9cfdccfbbb437d04d5b8fe7a56180b765c04f4b52e1df79cab6eb1c626609e8$44
androidx.compose.ui.graphics.vector.PathParserKt$$InternalSyntheticThrowCCEIfNotNull$19$b9cfdccfbbb437d04d5b8fe7a56180b765c04f4b52e1df79cab6eb1c626609e8$45
androidx.compose.ui.graphics.vector.PathParserKt$$InternalSyntheticThrowCCEIfNotNull$19$b9cfdccfbbb437d04d5b8fe7a56180b765c04f4b52e1df79cab6eb1c626609e8$46
androidx.compose.ui.graphics.vector.PathParserKt$$InternalSyntheticThrowCCEIfNotNull$19$b9cfdccfbbb437d04d5b8fe7a56180b765c04f4b52e1df79cab6eb1c626609e8$47
androidx.compose.ui.graphics.vector.PathParserKt$$InternalSyntheticThrowCCEIfNotNull$19$b9cfdccfbbb437d04d5b8fe7a56180b765c04f4b52e1df79cab6eb1c626609e8$48
androidx.compose.ui.graphics.vector.PathParserKt$$InternalSyntheticThrowCCEIfNotNull$19$b9cfdccfbbb437d04d5b8fe7a56180b765c04f4b52e1df79cab6eb1c626609e8$49
androidx.compose.ui.graphics.vector.PathParserKt$$InternalSyntheticThrowCCEIfNotNull$19$b9cfdccfbbb437d04d5b8fe7a56180b765c04f4b52e1df79cab6eb1c626609e8$4
androidx.compose.ui.graphics.vector.PathParserKt$$InternalSyntheticThrowCCEIfNotNull$19$b9cfdccfbbb437d04d5b8fe7a56180b765c04f4b52e1df79cab6eb1c626609e8$50
androidx.compose.ui.graphics.vector.PathParserKt$$InternalSyntheticThrowCCEIfNotNull$19$b9cfdccfbbb437d04d5b8fe7a56180b765c04f4b52e1df79cab6eb1c626609e8$51
androidx.compose.ui.graphics.vector.PathParserKt$$InternalSyntheticThrowCCEIfNotNull$19$b9cfdccfbbb437d04d5b8fe7a56180b765c04f4b52e1df79cab6eb1c626609e8$52
androidx.compose.ui.graphics.vector.PathParserKt$$InternalSyntheticThrowCCEIfNotNull$19$b9cfdccfbbb437d04d5b8fe7a56180b765c04f4b52e1df79cab6eb1c626609e8$53
androidx.compose.ui.graphics.vector.PathParserKt$$InternalSyntheticThrowCCEIfNotNull$19$b9cfdccfbbb437d04d5b8fe7a56180b765c04f4b52e1df79cab6eb1c626609e8$5